app/build/outputs/logs/manifest-merger-debug-report.txt
-- Merging decision tree log ---
manifest
ADDED from src\main\AndroidManifest.xml:2:1-101:12
	package
		ADDED from src\main\AndroidManifest.xml:3:5-33
		INJECTED from src\main\AndroidManifest.xml
		INJECTED from src\main\AndroidManifest.xml
	android:versionName
		ADDED from src\main\AndroidManifest.xml:5:5-30
		INJECTED from src\main\AndroidManifest.xml
		INJECTED from src\main\AndroidManifest.xml
	android:versionCode
		ADDED from src\main\AndroidManifest.xml:4:5-28
		INJECTED from src\main\AndroidManifest.xml
		INJECTED from src\main\AndroidManifest.xml
	xmlns:android
		ADDED from src\main\AndroidManifest.xml:2:11-69
uses-sdk
ADDED from src\main\AndroidManifest.xml:7:5-9:41
MERGED from [com.android.support:support-v4:26.0.0-alpha1] AndroidManifest.xml:21:5-23:54
MERGED from [com.android.support:support-media-compat:26.0.0-alpha1] AndroidManifest.xml:21:5-23:63
MERGED from [com.android.support:support-fragment:26.0.0-alpha1] AndroidManifest.xml:21:5-23:60
MERGED from [com.android.support:support-core-ui:26.0.0-alpha1] AndroidManifest.xml:21:5-23:58
MERGED from [com.android.support:support-core-utils:26.0.0-alpha1] AndroidManifest.xml:21:5-23:61
MERGED from [com.android.support:support-compat:26.0.0-alpha1] AndroidManifest.xml:21:5-23:58
	tools:overrideLibrary
		ADDED from [com.android.support:support-v4:26.0.0-alpha1] AndroidManifest.xml:23:9-51
	android:targetSdkVersion
		ADDED from src\main\AndroidManifest.xml:9:9-38
		INJECTED from src\main\AndroidManifest.xml
		INJECTED from src\main\AndroidManifest.xml
	android:minSdkVersion
		ADDED from src\main\AndroidManifest.xml:8:9-35
		INJECTED from src\main\AndroidManifest.xml
		INJECTED from src\main\AndroidManifest.xml
uses-permission#android.permission.ACCESS_COARSE_LOCATION
ADDED from src\main\AndroidManifest.xml:11:5-81
	android:name
		ADDED from src\main\AndroidManifest.xml:11:22-78
uses-permission#android.permission.ACCESS_FINE_LOCATION
ADDED from src\main\AndroidManifest.xml:12:5-79
	android:name
		ADDED from src\main\AndroidManifest.xml:12:22-76
uses-permission#android.permission.ACCESS_WIFI_STATE
ADDED from src\main\AndroidManifest.xml:13:5-76
	android:name
		ADDED from src\main\AndroidManifest.xml:13:22-73
uses-permission#android.permission.ACCESS_NETWORK_STATE
ADDED from src\main\AndroidManifest.xml:14:5-79
	android:name
		ADDED from src\main\AndroidManifest.xml:14:22-76
uses-permission#android.permission.INTERNET
ADDED from src\main\AndroidManifest.xml:15:5-67
	android:name
		ADDED from src\main\AndroidManifest.xml:15:22-64
uses-permission#android.permission.WRITE_EXTERNAL_STORAGE
ADDED from src\main\AndroidManifest.xml:16:5-81
	android:name
		ADDED from src\main\AndroidManifest.xml:16:22-78
uses-permission#android.permission.READ_EXTERNAL_STORAGE
ADDED from src\main\AndroidManifest.xml:17:5-80
	android:name
		ADDED from src\main\AndroidManifest.xml:17:22-77
uses-permission#android.permission.WAKE_LOCK
ADDED from src\main\AndroidManifest.xml:18:5-68
	android:name
		ADDED from src\main\AndroidManifest.xml:18:22-65
uses-permission#android.permission.CAMERA
ADDED from src\main\AndroidManifest.xml:19:5-65
	android:name
		ADDED from src\main\AndroidManifest.xml:19:22-62
uses-permission#android.permission.VIBRATE
ADDED from src\main\AndroidManifest.xml:20:5-66
	android:name
		ADDED from src\main\AndroidManifest.xml:20:22-63
uses-feature#android.hardware.camera
ADDED from src\main\AndroidManifest.xml:31:5-60
	android:name
		ADDED from src\main\AndroidManifest.xml:31:19-57
uses-feature#android.hardware.camera.autofocus
ADDED from src\main\AndroidManifest.xml:32:5-70
	android:name
		ADDED from src\main\AndroidManifest.xml:32:19-67
application
ADDED from src\main\AndroidManifest.xml:34:5-99:19
MERGED from [com.android.support:support-v4:26.0.0-alpha1] AndroidManifest.xml:29:5-20
MERGED from [com.android.support:support-media-compat:26.0.0-alpha1] AndroidManifest.xml:29:5-20
MERGED from [com.android.support:support-fragment:26.0.0-alpha1] AndroidManifest.xml:29:5-20
MERGED from [com.android.support:support-core-ui:26.0.0-alpha1] AndroidManifest.xml:29:5-20
MERGED from [com.android.support:support-core-utils:26.0.0-alpha1] AndroidManifest.xml:29:5-20
MERGED from [com.android.support:support-compat:26.0.0-alpha1] AndroidManifest.xml:29:5-20
	android:label
		ADDED from src\main\AndroidManifest.xml:38:9-41
	android:allowBackup
		ADDED from src\main\AndroidManifest.xml:36:9-35
	android:icon
		ADDED from src\main\AndroidManifest.xml:37:9-45
	android:theme
		ADDED from src\main\AndroidManifest.xml:39:9-40
	android:name
		ADDED from src\main\AndroidManifest.xml:35:9-44
meta-data#MAPBOX_AUTHKEY
ADDED from src\main\AndroidManifest.xml:40:9-42:98
	android:value
		ADDED from src\main\AndroidManifest.xml:42:13-95
	android:name
		ADDED from src\main\AndroidManifest.xml:41:13-42
meta-data#BING_KEY
ADDED from src\main\AndroidManifest.xml:43:9-45:96
	android:value
		ADDED from src\main\AndroidManifest.xml:45:13-93
	android:name
		ADDED from src\main\AndroidManifest.xml:44:13-36
activity#io.github.data4all.activity.MapViewActivity
ADDED from src\main\AndroidManifest.xml:46:9-52:20
	android:name
		ADDED from src\main\AndroidManifest.xml:46:19-59
intent-filter#android.intent.action.MAIN+android.intent.category.LAUNCHER
ADDED from src\main\AndroidManifest.xml:47:13-51:29
action#android.intent.action.MAIN
ADDED from src\main\AndroidManifest.xml:48:17-69
	android:name
		ADDED from src\main\AndroidManifest.xml:48:25-66
category#android.intent.category.LAUNCHER
ADDED from src\main\AndroidManifest.xml:50:17-77
	android:name
		ADDED from src\main\AndroidManifest.xml:50:27-74
activity#io.github.data4all.activity.MapPreviewActivity
ADDED from src\main\AndroidManifest.xml:53:9-65
	android:name
		ADDED from src\main\AndroidManifest.xml:53:19-62
activity#io.github.data4all.activity.ShowPictureActivity
ADDED from src\main\AndroidManifest.xml:54:9-57:52
	android:screenOrientation
		ADDED from src\main\AndroidManifest.xml:57:13-49
	android:configChanges
		ADDED from src\main\AndroidManifest.xml:56:13-62
	android:name
		ADDED from src\main\AndroidManifest.xml:55:13-57
activity#io.github.data4all.activity.CameraActivity
ADDED from src\main\AndroidManifest.xml:58:9-61:52
	android:screenOrientation
		ADDED from src\main\AndroidManifest.xml:61:13-49
	android:configChanges
		ADDED from src\main\AndroidManifest.xml:60:13-62
	android:name
		ADDED from src\main\AndroidManifest.xml:59:13-52
activity#io.github.data4all.activity.ResultViewActivity
ADDED from src\main\AndroidManifest.xml:62:9-64:65
	android:configChanges
		ADDED from src\main\AndroidManifest.xml:64:13-62
	android:name
		ADDED from src\main\AndroidManifest.xml:63:13-56
activity#io.github.data4all.activity.SettingsActivity
ADDED from src\main\AndroidManifest.xml:65:9-63
	android:name
		ADDED from src\main\AndroidManifest.xml:65:19-60
activity#io.github.data4all.activity.TagActivity
ADDED from src\main\AndroidManifest.xml:66:9-68:73
	android:theme
		ADDED from src\main\AndroidManifest.xml:68:13-70
	android:name
		ADDED from src\main\AndroidManifest.xml:67:13-49
activity#io.github.data4all.activity.LoginActivity
ADDED from src\main\AndroidManifest.xml:69:9-60
	android:name
		ADDED from src\main\AndroidManifest.xml:69:19-57
activity#io.github.data4all.activity.UploadActivity
ADDED from src\main\AndroidManifest.xml:70:9-72:57
	android:windowSoftInputMode
		ADDED from src\main\AndroidManifest.xml:72:13-54
	android:name
		ADDED from src\main\AndroidManifest.xml:71:13-52
activity#io.github.data4all.activity.GpsTrackListActivity
ADDED from src\main\AndroidManifest.xml:73:9-75:42
	android:label
		ADDED from src\main\AndroidManifest.xml:75:13-39
	android:name
		ADDED from src\main\AndroidManifest.xml:74:13-58
activity#io.github.data4all.activity.TrackDetailsActivity
ADDED from src\main\AndroidManifest.xml:76:9-67
	android:name
		ADDED from src\main\AndroidManifest.xml:76:19-64
service#io.github.data4all.service.UploadElementsService
ADDED from src\main\AndroidManifest.xml:78:9-66
	android:name
		ADDED from src\main\AndroidManifest.xml:78:18-63
service#io.github.data4all.service.UploadTracksService
ADDED from src\main\AndroidManifest.xml:79:9-64
	android:name
		ADDED from src\main\AndroidManifest.xml:79:18-61
service#io.github.data4all.service.GPSservice
ADDED from src\main\AndroidManifest.xml:80:9-83:19
	android:label
		ADDED from src\main\AndroidManifest.xml:82:13-40
	android:name
		ADDED from src\main\AndroidManifest.xml:81:13-47
service#io.github.data4all.service.OrientationListener
ADDED from src\main\AndroidManifest.xml:84:9-86:38
	android:enabled
		ADDED from src\main\AndroidManifest.xml:86:13-35
	android:name
		ADDED from src\main\AndroidManifest.xml:85:13-56
service#io.github.data4all.service.MapTileService
ADDED from src\main\AndroidManifest.xml:88:9-90:38
	android:enabled
		ADDED from src\main\AndroidManifest.xml:90:13-35
	android:name
		ADDED from src\main\AndroidManifest.xml:89:13-51
activity#io.github.data4all.activity.AboutActivity
ADDED from src\main\AndroidManifest.xml:91:9-94:20
	android:label
		ADDED from src\main\AndroidManifest.xml:93:13-57
	android:name
		ADDED from src\main\AndroidManifest.xml:92:13-51
activity#io.github.data4all.activity.LicensesActivity
ADDED from src\main\AndroidManifest.xml:95:9-98:20
	android:label
		ADDED from src\main\AndroidManifest.xml:97:13-60
	android:name
		ADDED from src\main\AndroidManifest.xml:96:13-54
meta-data#android.support.VERSION
ADDED from [com.android.support:support-v4:26.0.0-alpha1] AndroidManifest.xml:25:5-27:41
MERGED from [com.android.support:support-media-compat:26.0.0-alpha1] AndroidManifest.xml:25:5-27:41
MERGED from [com.android.support:support-fragment:26.0.0-alpha1] AndroidManifest.xml:25:5-27:41
MERGED from [com.android.support:support-core-ui:26.0.0-alpha1] AndroidManifest.xml:25:5-27:41
MERGED from [com.android.support:support-core-utils:26.0.0-alpha1] AndroidManifest.xml:25:5-27:41
MERGED from [com.android.support:support-compat:26.0.0-alpha1] AndroidManifest.xml:25:5-27:41
	android:value
		ADDED from [com.android.support:support-v4:26.0.0-alpha1] AndroidManifest.xml:27:9-38
	android:name
		ADDED from [com.android.support:support-v4:26.0.0-alpha1] AndroidManifest.xml:26:9-47